<?xml version="1.0" encoding="UTF-8"?>
<!-- Generated by org.testng.reporters.JUnitReportReporter -->
<testsuite hostname="inlen8520023665" failures="0" tests="2" name="com.qa.tests.ProductTests2" time="32.191" errors="0" timestamp="2023-01-12T09:25:36 IST" skipped="0">
  <testcase classname="com.qa.tests.ProductTests2" name="validateProductOnProductDetailsPage" time="20.341"/>
  <system-out/>
  <testcase classname="com.qa.tests.ProductTests2" name="validateProductOnProductsPage" time="11.850"/>
  <system-out/>
</testsuite> <!-- com.qa.tests.ProductTests2 -->
