<?xml version="1.0" encoding="UTF-8"?>
<!-- Generated by org.testng.reporters.JUnitReportReporter -->
<testsuite hostname="inlen8520023665" failures="0" tests="3" name="com.qa.tests.LoginTestsType4" time="35.438" errors="0" timestamp="2023-01-09T17:10:42 IST" skipped="0">
  <testcase classname="com.qa.tests.LoginTestsType4" name="invalidPassword" time="11.723"/>
  <system-out/>
  <testcase classname="com.qa.tests.LoginTestsType4" name="invalidUserName" time="11.065"/>
  <system-out/>
  <testcase classname="com.qa.tests.LoginTestsType4" name="successfulLogin" time="12.650"/>
  <system-out/>
</testsuite> <!-- com.qa.tests.LoginTestsType4 -->
