<?xml version="1.0" encoding="UTF-8"?>
<!-- Generated by org.testng.reporters.JUnitReportReporter -->
<testsuite hostname="inlen8520023665" failures="0" tests="3" name="com.qa.tests.LoginTestsType2" time="10.917" errors="0" timestamp="2022-12-20T10:02:24 IST" skipped="0">
  <testcase classname="com.qa.tests.LoginTestsType2" name="successfulLogin" time="3.852"/>
  <system-out/>
  <testcase classname="com.qa.tests.LoginTestsType2" name="invalidPassword" time="4.935"/>
  <system-out/>
  <testcase classname="com.qa.tests.LoginTestsType2" name="invalidUserName" time="2.130"/>
  <system-out/>
</testsuite> <!-- com.qa.tests.LoginTestsType2 -->
