<?xml version="1.0" encoding="UTF-8"?>
<!-- Generated by org.testng.reporters.JUnitReportReporter -->
<testsuite hostname="inlen8520023665" failures="0" tests="2" name="com.qa.tests.ProductTests2" time="30.568" errors="0" timestamp="2022-12-23T11:26:54 IST" skipped="0">
  <testcase classname="com.qa.tests.ProductTests2" name="validateProductOnProductDetailsPage" time="16.219"/>
  <system-out/>
  <testcase classname="com.qa.tests.ProductTests2" name="validateProductOnProductsPage" time="14.349"/>
  <system-out/>
</testsuite> <!-- com.qa.tests.ProductTests2 -->
