<?xml version="1.0" encoding="UTF-8"?>
<!-- Generated by org.testng.reporters.JUnitReportReporter -->
<testsuite hostname="inlen8520023665" failures="0" tests="3" name="com.qa.tests.LoginTestsType3" time="9.344" errors="0" timestamp="2022-12-21T09:36:37 IST" skipped="0">
  <testcase classname="com.qa.tests.LoginTestsType3" name="invalidUserName" time="1.873"/>
  <system-out/>
  <testcase classname="com.qa.tests.LoginTestsType3" name="successfulLogin" time="2.995"/>
  <system-out/>
  <testcase classname="com.qa.tests.LoginTestsType3" name="invalidPassword" time="4.476"/>
  <system-out/>
</testsuite> <!-- com.qa.tests.LoginTestsType3 -->
