<?xml version="1.0" encoding="UTF-8"?>
<!-- Generated by org.testng.reporters.JUnitReportReporter -->
<testsuite hostname="inlen8520023665" failures="0" tests="3" name="com.qa.tests.LoginTestsType5" time="9.783" errors="0" timestamp="2022-12-20T13:11:00 IST" skipped="0">
  <testcase classname="com.qa.tests.LoginTestsType5" name="invalidPassword" time="3.691"/>
  <system-out/>
  <testcase classname="com.qa.tests.LoginTestsType5" name="invalidUserName" time="2.514"/>
  <system-out/>
  <testcase classname="com.qa.tests.LoginTestsType5" name="successfulLogin" time="3.578"/>
  <system-out/>
</testsuite> <!-- com.qa.tests.LoginTestsType5 -->
