<?xml version="1.0" encoding="UTF-8"?>
<!-- Generated by org.testng.reporters.JUnitReportReporter -->
<testsuite hostname="inlen8520023665" failures="0" tests="3" name="com.qa.tests.LoginTestsType4" time="33.544" errors="0" timestamp="2022-12-23T11:25:50 IST" skipped="0">
  <testcase classname="com.qa.tests.LoginTestsType4" name="invalidUserName" time="10.609"/>
  <system-out/>
  <testcase classname="com.qa.tests.LoginTestsType4" name="invalidPassword" time="11.201"/>
  <system-out/>
  <testcase classname="com.qa.tests.LoginTestsType4" name="successfulLogin" time="11.734"/>
  <system-out/>
</testsuite> <!-- com.qa.tests.LoginTestsType4 -->
