<?xml version="1.0" encoding="UTF-8"?>
<!-- Generated by org.testng.reporters.JUnitReportReporter -->
<testsuite hostname="inlen8520023665" failures="0" tests="3" name="com.qa.tests.LoginTests" time="12.034" errors="0" timestamp="2022-12-21T10:50:10 IST" skipped="0">
  <testcase classname="com.qa.tests.LoginTests" name="invalidPassword" time="5.507"/>
  <system-out/>
  <testcase classname="com.qa.tests.LoginTests" name="invalidUserName" time="2.626"/>
  <system-out/>
  <testcase classname="com.qa.tests.LoginTests" name="successfulLogin" time="3.901"/>
  <system-out/>
</testsuite> <!-- com.qa.tests.LoginTests -->
