<?xml version="1.0" encoding="UTF-8"?>
<!-- Generated by org.testng.reporters.JUnitReportReporter -->
<testsuite hostname="inlen8520023665" failures="0" tests="3" name="com.qa.tests.LoginTestsType4" time="36.981" errors="0" timestamp="2022-12-26T17:58:00 IST" skipped="0">
  <testcase classname="com.qa.tests.LoginTestsType4" name="invalidPassword" time="12.906"/>
  <system-out/>
  <testcase classname="com.qa.tests.LoginTestsType4" name="successfulLogin" time="12.490"/>
  <system-out/>
  <testcase classname="com.qa.tests.LoginTestsType4" name="invalidUserName" time="11.585"/>
  <system-out/>
</testsuite> <!-- com.qa.tests.LoginTestsType4 -->
