<?xml version="1.0" encoding="UTF-8"?>
<!-- Generated by org.testng.reporters.JUnitReportReporter -->
<testsuite hostname="inlen8520023665" failures="0" tests="2" name="com.qa.tests.ProductTests2" time="37.572" errors="0" timestamp="2022-12-26T18:00:08 IST" skipped="0">
  <testcase classname="com.qa.tests.ProductTests2" name="validateProductOnProductDetailsPage" time="21.390"/>
  <system-out/>
  <testcase classname="com.qa.tests.ProductTests2" name="validateProductOnProductsPage" time="16.182"/>
  <system-out/>
</testsuite> <!-- com.qa.tests.ProductTests2 -->
