<?xml version="1.0" encoding="UTF-8"?>
<!-- Generated by org.testng.reporters.JUnitReportReporter -->
<testsuite hostname="inlen8520023665" failures="0" tests="2" name="com.qa.tests.ProductTests" time="30.970" errors="0" timestamp="2022-12-23T09:01:06 IST" skipped="0">
  <testcase classname="com.qa.tests.ProductTests" name="validateProductOnProductDetailsPage" time="16.805"/>
  <system-out/>
  <testcase classname="com.qa.tests.ProductTests" name="validateProductOnProductsPage" time="14.165"/>
  <system-out/>
</testsuite> <!-- com.qa.tests.ProductTests -->
