<?xml version="1.0" encoding="UTF-8"?>
<!-- Generated by org.testng.reporters.JUnitReportReporter -->
<testsuite hostname="inlen8520023665" failures="0" tests="4" name="com.qa.tests.ProductTests2" time="74.538" errors="0" timestamp="2022-12-23T21:46:42 IST" skipped="0">
  <testcase classname="com.qa.tests.ProductTests2" name="validateProductOnProductsPage" time="19.657"/>
  <system-out/>
  <testcase classname="com.qa.tests.ProductTests2" name="validateProductOnProductDetailsPage" time="22.342"/>
  <system-out/>
  <testcase classname="com.qa.tests.ProductTests2" name="validateProductOnProductDetailsPage" time="21.534"/>
  <system-out/>
  <testcase classname="com.qa.tests.ProductTests2" name="validateProductOnProductsPage" time="11.005"/>
  <system-out/>
</testsuite> <!-- com.qa.tests.ProductTests2 -->
