<?xml version="1.0" encoding="UTF-8"?>
<!-- Generated by org.testng.reporters.JUnitReportReporter -->
<testsuite hostname="inlen8520023665" failures="0" tests="3" name="com.qa.tests.LoginTestsType4" time="41.029" errors="0" timestamp="2022-12-24T22:34:58 IST" skipped="0">
  <testcase classname="com.qa.tests.LoginTestsType4" name="invalidPassword" time="13.984"/>
  <system-out/>
  <testcase classname="com.qa.tests.LoginTestsType4" name="successfulLogin" time="14.025"/>
  <system-out/>
  <testcase classname="com.qa.tests.LoginTestsType4" name="invalidUserName" time="13.020"/>
  <system-out/>
</testsuite> <!-- com.qa.tests.LoginTestsType4 -->
