<?xml version="1.0" encoding="UTF-8"?>
<!-- Generated by org.testng.reporters.JUnitReportReporter -->
<testsuite hostname="inlen8520023665" failures="0" tests="3" name="com.qa.tests.LoginTests" time="8.157" errors="0" timestamp="2022-12-19T23:35:14 IST" skipped="0">
  <testcase classname="com.qa.tests.LoginTests" name="successfulLogin" time="2.504"/>
  <system-out/>
  <testcase classname="com.qa.tests.LoginTests" name="invalidUserName" time="2.402"/>
  <system-out/>
  <testcase classname="com.qa.tests.LoginTests" name="invalidPassword" time="3.251"/>
  <system-out/>
</testsuite> <!-- com.qa.tests.LoginTests -->
